Found Words:

Navigating to: https://forvo.com/languages-pronunciations/ga/page-12/
Page 12 - Word 1: áit
Page 12 - Word 2: Sligeach
Page 12 - Word 3: caoga
Page 12 - Word 4: cúige
Page 12 - Word 5: Go raibh míle maith agaibh!
Page 12 - Word 6: Cad atá uait?
Page 12 - Word 7: Risteárd
Page 12 - Word 8: iompróidh
Page 12 - Word 9: Dianaimh
Page 12 - Word 10: Daoirí
Page 12 - Word 11: riamh
Page 12 - Word 12: tirim
Page 12 - Word 13: beidh mé
Page 12 - Word 14: muid
Page 12 - Word 15: Turlough O'Carolan
Page 12 - Word 16: Leabhar Gabhála na hÉireann
Page 12 - Word 17: Caesar
Page 12 - Word 18: maol
Page 12 - Word 19: Sláinte is táinte!
Page 12 - Word 20: Ruarc
Page 12 - Word 21: uair
Page 12 - Word 22: ea
Page 12 - Word 23: doras
Page 12 - Word 24: rois
Page 12 - Word 25: Ruaraidh
Page 12 - Word 26: adhmad
Page 12 - Word 27: Geir
Page 12 - Word 28: Eiléan Ní Chuilleanáin
Page 12 - Word 29: Lóegaire (Old Irish)
Page 12 - Word 30: Ar mhaith leat...?
Page 12 - Word 31: breá
Page 12 - Word 32: Liadh
Page 12 - Word 33: Aillte an Mhothair
Page 12 - Word 34: Dia is Muire dhuit
Page 12 - Word 35: Tá grá agam ort
Page 12 - Word 36: gall
Page 12 - Word 37: ollphéist
Page 12 - Word 38: bheinn
Page 12 - Word 39: socair
Page 12 - Word 40: a stóirín
Page 12 - Word 41: Colm Tóibín
Page 12 - Word 42: Éire go brách
Page 12 - Word 43: file
Page 12 - Word 44: Diarmuid Ua Duibhne
Page 12 - Word 45: Sláinte agus saol agat
Page 12 - Word 46: Parthalán
Page 12 - Word 47: dian
Page 12 - Word 48: tuaisceart
Page 12 - Word 49: cailíní
Page 12 - Word 50: Sláinte chugat
Page 12 - Word 51: Is minic a bhris béal duine a shrón
Page 12 - Word 52: Laois
Page 12 - Word 53: lean
Page 12 - Word 54: tusa
Page 12 - Word 55: claidheamh
Page 12 - Word 56: beannacht
Page 12 - Word 57: leac oighir
Page 12 - Word 58: Naomhán
Page 12 - Word 59: chomh
Page 12 - Word 60: cróga
Page 12 - Word 61: mall
Page 12 - Word 62: Méav Ní Mhaolchatha
Page 12 - Word 63: Dubhán
Page 12 - Word 64: €
Page 12 - Word 65: Taoisigh
Page 12 - Word 66: thíos staighre
Page 12 - Word 67: Lucht Siúil
Page 12 - Word 68: cuimhin
Page 12 - Word 69: bóthar
Page 12 - Word 70: cheann
Page 12 - Word 71: soitheach
Page 12 - Word 72: deoch
Page 12 - Word 73: chuala
Page 12 - Word 74: cúram
Page 12 - Word 75: bhean
Page 12 - Word 76: fola
Page 12 - Word 77: Muircheartaigh
Page 12 - Word 78: smaointe
Page 12 - Word 79: Ó Dubhthaigh
Page 12 - Word 80: leannán sidhe
Page 12 - Word 81: fanacht
Page 12 - Word 82: póg
Page 12 - Word 83: Cearbhall
Page 12 - Word 84: sirtheoir
Page 12 - Word 85: cúig
Page 12 - Word 86: Ard Rí
Page 12 - Word 87: long
Page 12 - Word 88: bua
Page 12 - Word 89: Aodhamair
Page 12 - Word 90: Isibéal
Scraping completed. All found words have been logged to 'found_words.log'.

Navigating to: https://forvo.com/languages-pronunciations/ga/page-13/
Scraping completed. All found words have been logged to 'found_words.log'.
